android/app/build/intermediates/manifest_merge_blame_file/release/manifest-merger-blame-release-report.txt
1<?xml version="1.0" encoding="utf-8"?>
2<manifest xmlns:android="http://schemas.android.com/apk/res/android"
3    package="com.menezes"
4    android:versionCode="1"
5    android:versionName="1.0" >
6
7    <uses-sdk
8        android:minSdkVersion="16"
8-->src\main\AndroidManifest.xml
9        android:targetSdkVersion="28" />
9-->src\main\AndroidManifest.xml
10
11    <uses-permission android:name="android.permission.INTERNET" />
11-->src\main\AndroidManifest.xml:4:5-67
11-->src\main\AndroidManifest.xml:4:22-64
12    <uses-permission android:name="android.permission.ACCESS_FINE_LOCATION" />
12-->src\main\AndroidManifest.xml:5:5-78
12-->src\main\AndroidManifest.xml:5:22-76
13    <uses-permission android:name="android.permission.FOREGROUND_SERVICE" />
13-->src\main\AndroidManifest.xml:6:5-76
13-->src\main\AndroidManifest.xml:6:22-74
14    <uses-permission android:name="android.permission.CAMERA" />
14-->src\main\AndroidManifest.xml:7:5-65
14-->src\main\AndroidManifest.xml:7:22-62
15    <uses-permission android:name="android.permission.WRITE_EXTERNAL_STORAGE" />
15-->src\main\AndroidManifest.xml:8:1-76
15-->src\main\AndroidManifest.xml:8:18-74
16    <uses-permission android:name="android.permission.RECEIVE_BOOT_COMPLETED" />
16-->src\main\AndroidManifest.xml:10:5-81
16-->src\main\AndroidManifest.xml:10:22-78
17    <uses-permission android:name="android.permission.VIBRATE" />
17-->src\main\AndroidManifest.xml:11:5-66
17-->src\main\AndroidManifest.xml:11:22-63
18    <uses-permission android:name="android.permission.SYSTEM_ALERT_WINDOW" />
18-->src\main\AndroidManifest.xml:12:5-77
18-->src\main\AndroidManifest.xml:12:22-75
19    <uses-permission android:name="android.permission.WAKE_LOCK" />
19-->src\main\AndroidManifest.xml:13:5-68
19-->src\main\AndroidManifest.xml:13:22-65
20    <uses-permission android:name="android.permission.ACCESS_NETWORK_STATE" />
20-->[:react-native-community_netinfo] AndroidManifest.xml:9:5-79
20-->[:react-native-community_netinfo] AndroidManifest.xml:9:22-76
21    <uses-permission android:name="android.permission.ACCESS_WIFI_STATE" /> <!-- Required by older versions of Google Play services to create IID tokens -->
21-->[:react-native-community_netinfo] AndroidManifest.xml:10:5-76
21-->[:react-native-community_netinfo] AndroidManifest.xml:10:22-73
22    <uses-permission android:name="com.google.android.c2dm.permission.RECEIVE" />
22-->[com.google.firebase:firebase-iid:20.2.3] AndroidManifest.xml:26:5-82
22-->[com.google.firebase:firebase-iid:20.2.3] AndroidManifest.xml:26:22-79
23    <uses-permission android:name="com.google.android.finsky.permission.BIND_GET_INSTALL_REFERRER_SERVICE" /> <!-- for android -->
23-->[com.google.android.gms:play-services-measurement:17.2.2] AndroidManifest.xml:26:5-110
23-->[com.google.android.gms:play-services-measurement:17.2.2] AndroidManifest.xml:26:22-107
24    <!-- <uses-permission android:name="com.android.launcher.permission.READ_SETTINGS"/> -->
25    <!-- <uses-permission android:name="com.android.launcher.permission.WRITE_SETTINGS"/> -->
26    <!-- <uses-permission android:name="com.android.launcher.permission.INSTALL_SHORTCUT" /> -->
27    <!-- <uses-permission android:name="com.android.launcher.permission.UNINSTALL_SHORTCUT" /> -->
28    <!-- for Samsung -->
29    <uses-permission android:name="com.sec.android.provider.badge.permission.READ" />
29-->[me.leolin:ShortcutBadger:1.1.22] AndroidManifest.xml:19:5-86
29-->[me.leolin:ShortcutBadger:1.1.22] AndroidManifest.xml:19:22-83
30    <uses-permission android:name="com.sec.android.provider.badge.permission.WRITE" /> <!-- for htc -->
30-->[me.leolin:ShortcutBadger:1.1.22] AndroidManifest.xml:20:5-87
30-->[me.leolin:ShortcutBadger:1.1.22] AndroidManifest.xml:20:22-84
31    <uses-permission android:name="com.htc.launcher.permission.READ_SETTINGS" />
31-->[me.leolin:ShortcutBadger:1.1.22] AndroidManifest.xml:23:5-81
31-->[me.leolin:ShortcutBadger:1.1.22] AndroidManifest.xml:23:22-78
32    <uses-permission android:name="com.htc.launcher.permission.UPDATE_SHORTCUT" /> <!-- for sony -->
32-->[me.leolin:ShortcutBadger:1.1.22] AndroidManifest.xml:24:5-83
32-->[me.leolin:ShortcutBadger:1.1.22] AndroidManifest.xml:24:22-80
33    <uses-permission android:name="com.sonyericsson.home.permission.BROADCAST_BADGE" />
33-->[me.leolin:ShortcutBadger:1.1.22] AndroidManifest.xml:27:5-88
33-->[me.leolin:ShortcutBadger:1.1.22] AndroidManifest.xml:27:22-85
34    <uses-permission android:name="com.sonymobile.home.permission.PROVIDER_INSERT_BADGE" /> <!-- for apex -->
34-->[me.leolin:ShortcutBadger:1.1.22] AndroidManifest.xml:28:5-92
34-->[me.leolin:ShortcutBadger:1.1.22] AndroidManifest.xml:28:22-89
35    <uses-permission android:name="com.anddoes.launcher.permission.UPDATE_COUNT" /> <!-- for solid -->
35-->[me.leolin:ShortcutBadger:1.1.22] AndroidManifest.xml:31:5-84
35-->[me.leolin:ShortcutBadger:1.1.22] AndroidManifest.xml:31:22-81
36    <uses-permission android:name="com.majeur.launcher.permission.UPDATE_BADGE" /> <!-- for huawei -->
36-->[me.leolin:ShortcutBadger:1.1.22] AndroidManifest.xml:34:5-83
36-->[me.leolin:ShortcutBadger:1.1.22] AndroidManifest.xml:34:22-80
37    <uses-permission android:name="com.huawei.android.launcher.permission.CHANGE_BADGE" />
37-->[me.leolin:ShortcutBadger:1.1.22] AndroidManifest.xml:37:5-91
37-->[me.leolin:ShortcutBadger:1.1.22] AndroidManifest.xml:37:22-88
38    <uses-permission android:name="com.huawei.android.launcher.permission.READ_SETTINGS" />
38-->[me.leolin:ShortcutBadger:1.1.22] AndroidManifest.xml:38:5-92
38-->[me.leolin:ShortcutBadger:1.1.22] AndroidManifest.xml:38:22-89
39    <uses-permission android:name="com.huawei.android.launcher.permission.WRITE_SETTINGS" /> <!-- for ZUK -->
39-->[me.leolin:ShortcutBadger:1.1.22] AndroidManifest.xml:39:5-93
39-->[me.leolin:ShortcutBadger:1.1.22] AndroidManifest.xml:39:22-90
40    <uses-permission android:name="android.permission.READ_APP_BADGE" /> <!-- for OPPO -->
40-->[me.leolin:ShortcutBadger:1.1.22] AndroidManifest.xml:42:5-73
40-->[me.leolin:ShortcutBadger:1.1.22] AndroidManifest.xml:42:22-70
41    <uses-permission android:name="com.oppo.launcher.permission.READ_SETTINGS" />
41-->[me.leolin:ShortcutBadger:1.1.22] AndroidManifest.xml:45:5-82
41-->[me.leolin:ShortcutBadger:1.1.22] AndroidManifest.xml:45:22-79
42    <uses-permission android:name="com.oppo.launcher.permission.WRITE_SETTINGS" /> <!-- for EvMe -->
42-->[me.leolin:ShortcutBadger:1.1.22] AndroidManifest.xml:46:5-83
42-->[me.leolin:ShortcutBadger:1.1.22] AndroidManifest.xml:46:22-80
43    <uses-permission android:name="me.everything.badger.permission.BADGE_COUNT_READ" />
43-->[me.leolin:ShortcutBadger:1.1.22] AndroidManifest.xml:49:5-88
43-->[me.leolin:ShortcutBadger:1.1.22] AndroidManifest.xml:49:22-85
44    <uses-permission android:name="me.everything.badger.permission.BADGE_COUNT_WRITE" />
44-->[me.leolin:ShortcutBadger:1.1.22] AndroidManifest.xml:50:5-89
44-->[me.leolin:ShortcutBadger:1.1.22] AndroidManifest.xml:50:22-86
45
46    <application
46-->src\main\AndroidManifest.xml:16:5-68:15
47        android:name="com.menezes.MainApplication"
47-->src\main\AndroidManifest.xml:17:7-38
48        android:allowBackup="false"
48-->src\main\AndroidManifest.xml:22:7-34
49        android:appComponentFactory="androidx.core.app.CoreComponentFactory"
49-->[androidx.core:core:1.5.0-alpha03] AndroidManifest.xml:24:18-86
50        android:icon="@mipmap/ic_launcher"
50-->src\main\AndroidManifest.xml:19:7-41
51        android:label="@string/app_name"
51-->src\main\AndroidManifest.xml:18:7-39
52        android:roundIcon="@mipmap/ic_launcher"
52-->src\main\AndroidManifest.xml:21:7-46
53        android:theme="@style/AppTheme"
53-->src\main\AndroidManifest.xml:23:7-38
54        android:usesCleartextTraffic="true" >
54-->src\main\AndroidManifest.xml:20:7-42
55        <activity
55-->src\main\AndroidManifest.xml:24:7-35:18
56            android:name="com.menezes.MainActivity"
56-->src\main\AndroidManifest.xml:25:9-37
57            android:configChanges="keyboard|keyboardHidden|orientation|screenSize|uiMode"
57-->src\main\AndroidManifest.xml:27:9-86
58            android:label="@string/app_name"
58-->src\main\AndroidManifest.xml:26:9-41
59            android:launchMode="singleTask"
59-->src\main\AndroidManifest.xml:29:9-40
60            android:screenOrientation="portrait "
60-->src\main\AndroidManifest.xml:28:9-46
61            android:windowSoftInputMode="adjustResize" >
61-->src\main\AndroidManifest.xml:30:9-51
62            <intent-filter>
62-->src\main\AndroidManifest.xml:31:9-34:25
63                <action android:name="android.intent.action.MAIN" />
63-->src\main\AndroidManifest.xml:32:13-65
63-->src\main\AndroidManifest.xml:32:21-62
64
65                <category android:name="android.intent.category.LAUNCHER" />
65-->src\main\AndroidManifest.xml:33:13-73
65-->src\main\AndroidManifest.xml:33:23-70
66            </intent-filter>
67        </activity>
68        <activity android:name="com.facebook.react.devsupport.DevSettingsActivity" />
68-->src\main\AndroidManifest.xml:36:7-84
68-->src\main\AndroidManifest.xml:36:17-81
69
70        <meta-data
70-->src\main\AndroidManifest.xml:38:9-40:71
71            android:name="com.google.android.geo.API_KEY"
71-->src\main\AndroidManifest.xml:39:13-58
72            android:value="AIzaSyAAQ1Cppz62lgwYEJjzrkty7Nzi5ZYNCSM" />
72-->src\main\AndroidManifest.xml:40:13-68
73
74        <receiver android:name="com.dieam.reactnativepushnotification.modules.RNPushNotificationPublisher" />
74-->src\main\AndroidManifest.xml:42:9-110
74-->src\main\AndroidManifest.xml:42:19-107
75        <receiver android:name="com.dieam.reactnativepushnotification.modules.RNPushNotificationBootEventReceiver" >
75-->src\main\AndroidManifest.xml:43:9-47:20
75-->src\main\AndroidManifest.xml:43:19-115
76            <intent-filter>
76-->src\main\AndroidManifest.xml:44:13-46:29
77                <action android:name="android.intent.action.BOOT_COMPLETED" />
77-->src\main\AndroidManifest.xml:45:17-79
77-->src\main\AndroidManifest.xml:45:25-76
78            </intent-filter>
79        </receiver>
80
81        <service
81-->src\main\AndroidManifest.xml:49:9-55:19
82            android:name="com.dieam.reactnativepushnotification.modules.RNPushNotificationListenerService"
82-->src\main\AndroidManifest.xml:50:13-107
83            android:exported="false" >
83-->src\main\AndroidManifest.xml:51:13-37
84            <intent-filter>
84-->src\main\AndroidManifest.xml:52:13-54:29
85                <action android:name="com.google.firebase.MESSAGING_EVENT" />
85-->src\main\AndroidManifest.xml:53:17-78
85-->src\main\AndroidManifest.xml:53:25-75
86            </intent-filter>
87        </service>
88
89        <meta-data
89-->src\main\AndroidManifest.xml:57:9-58:36
90            android:name="com.dieam.reactnativepushnotification.notification_foreground"
90-->src\main\AndroidManifest.xml:57:21-97
91            android:value="false" />
91-->src\main\AndroidManifest.xml:58:13-34
92        <meta-data
92-->src\main\AndroidManifest.xml:59:9-60:46
93            android:name="com.dieam.reactnativepushnotification.notification_channel_name"
93-->src\main\AndroidManifest.xml:59:21-99
94            android:value="Example-Channel" />
94-->src\main\AndroidManifest.xml:60:13-44
95        <meta-data
95-->src\main\AndroidManifest.xml:61:9-62:56
96            android:name="com.dieam.reactnativepushnotification.notification_channel_description"
96-->src\main\AndroidManifest.xml:61:21-106
97            android:value="Super channel description" />
97-->src\main\AndroidManifest.xml:62:13-54
98        <meta-data
98-->src\main\AndroidManifest.xml:63:9-64:54
99            android:name="com.dieam.reactnativepushnotification.notification_color"
99-->src\main\AndroidManifest.xml:63:21-92
100            android:resource="@android:color/white" />
100-->src\main\AndroidManifest.xml:64:13-52
101
102        <service
102-->[:react-native-firebase] AndroidManifest.xml:16:9-20:19
103            android:name="com.google.firebase.components.ComponentDiscoveryService"
103-->[:react-native-firebase] AndroidManifest.xml:16:18-89
104            android:directBootAware="true"
104-->[com.google.firebase:firebase-common:19.3.0] AndroidManifest.xml:34:13-43
105            android:exported="false" >
105-->[com.google.firebase:firebase-messaging:20.2.4] AndroidManifest.xml:38:13-37
106            <meta-data
106-->[:react-native-firebase] AndroidManifest.xml:17:13-19:85
107                android:name="com.google.firebase.components:io.invertase.firebase.ReactNativeFirebaseAppRegistrar"
107-->[:react-native-firebase] AndroidManifest.xml:18:17-116
108                android:value="com.google.firebase.components.ComponentRegistrar" />
108-->[:react-native-firebase] AndroidManifest.xml:19:17-82
109            <meta-data
109-->[com.google.firebase:firebase-messaging:20.2.4] AndroidManifest.xml:39:13-41:85
110                android:name="com.google.firebase.components:com.google.firebase.messaging.FirebaseMessagingRegistrar"
110-->[com.google.firebase:firebase-messaging:20.2.4] AndroidManifest.xml:40:17-119
111                android:value="com.google.firebase.components.ComponentRegistrar" />
111-->[com.google.firebase:firebase-messaging:20.2.4] AndroidManifest.xml:41:17-82
112            <meta-data
112-->[com.google.android.gms:play-services-measurement-api:17.2.2] AndroidManifest.xml:30:13-32:85
113                android:name="com.google.firebase.components:com.google.firebase.analytics.connector.internal.AnalyticsConnectorRegistrar"
113-->[com.google.android.gms:play-services-measurement-api:17.2.2] AndroidManifest.xml:31:17-139
114                android:value="com.google.firebase.components.ComponentRegistrar" />
114-->[com.google.android.gms:play-services-measurement-api:17.2.2] AndroidManifest.xml:32:17-82
115            <meta-data
115-->[com.google.firebase:firebase-iid:20.2.3] AndroidManifest.xml:32:13-34:85
116                android:name="com.google.firebase.components:com.google.firebase.iid.Registrar"
116-->[com.google.firebase:firebase-iid:20.2.3] AndroidManifest.xml:33:17-96
117                android:value="com.google.firebase.components.ComponentRegistrar" />
117-->[com.google.firebase:firebase-iid:20.2.3] AndroidManifest.xml:34:17-82
118            <meta-data
118-->[com.google.firebase:firebase-datatransport:17.0.3] AndroidManifest.xml:28:13-30:85
119                android:name="com.google.firebase.components:com.google.firebase.datatransport.TransportRegistrar"
119-->[com.google.firebase:firebase-datatransport:17.0.3] AndroidManifest.xml:29:17-115
120                android:value="com.google.firebase.components.ComponentRegistrar" />
120-->[com.google.firebase:firebase-datatransport:17.0.3] AndroidManifest.xml:30:17-82
121            <meta-data
121-->[com.google.firebase:firebase-installations:16.3.3] AndroidManifest.xml:17:13-19:85
122                android:name="com.google.firebase.components:com.google.firebase.installations.FirebaseInstallationsRegistrar"
122-->[com.google.firebase:firebase-installations:16.3.3] AndroidManifest.xml:18:17-127
123                android:value="com.google.firebase.components.ComponentRegistrar" />
123-->[com.google.firebase:firebase-installations:16.3.3] AndroidManifest.xml:19:17-82
124        </service>
125
126        <provider
126-->[:react-native-image-picker] AndroidManifest.xml:10:9-18:20
127            android:name="com.imagepicker.FileProvider"
127-->[:react-native-image-picker] AndroidManifest.xml:11:13-56
128            android:authorities="com.menezes.provider"
128-->[:react-native-image-picker] AndroidManifest.xml:12:13-60
129            android:exported="false"
129-->[:react-native-image-picker] AndroidManifest.xml:13:13-37
130            android:grantUriPermissions="true" >
130-->[:react-native-image-picker] AndroidManifest.xml:14:13-47
131            <meta-data
131-->[:react-native-image-picker] AndroidManifest.xml:15:13-17:58
132                android:name="android.support.FILE_PROVIDER_PATHS"
132-->[:react-native-image-picker] AndroidManifest.xml:16:17-67
133                android:resource="@xml/provider_paths" />
133-->[:react-native-image-picker] AndroidManifest.xml:17:17-55
134        </provider>
135        <!--
136             FirebaseMessagingService performs security checks at runtime,
137             but set to not exported to explicitly avoid allowing another app to call it.
138        -->
139        <service
139-->[com.google.firebase:firebase-messaging:20.2.4] AndroidManifest.xml:28:9-35:19
140            android:name="com.google.firebase.messaging.FirebaseMessagingService"
140-->[com.google.firebase:firebase-messaging:20.2.4] AndroidManifest.xml:29:13-82
141            android:directBootAware="true"
141-->[com.google.firebase:firebase-messaging:20.2.4] AndroidManifest.xml:30:13-43
142            android:exported="false" >
142-->[com.google.firebase:firebase-messaging:20.2.4] AndroidManifest.xml:31:13-37
143            <intent-filter android:priority="-500" >
143-->src\main\AndroidManifest.xml:52:13-54:29
144                <action android:name="com.google.firebase.MESSAGING_EVENT" />
144-->src\main\AndroidManifest.xml:53:17-78
144-->src\main\AndroidManifest.xml:53:25-75
145            </intent-filter>
146        </service>
147
148        <receiver
148-->[com.google.firebase:firebase-iid:20.2.3] AndroidManifest.xml:37:9-44:20
149            android:name="com.google.firebase.iid.FirebaseInstanceIdReceiver"
149-->[com.google.firebase:firebase-iid:20.2.3] AndroidManifest.xml:38:13-78
150            android:exported="true"
150-->[com.google.firebase:firebase-iid:20.2.3] AndroidManifest.xml:39:13-36
151            android:permission="com.google.android.c2dm.permission.SEND" >
151-->[com.google.firebase:firebase-iid:20.2.3] AndroidManifest.xml:40:13-73
152            <intent-filter>
152-->[com.google.firebase:firebase-iid:20.2.3] AndroidManifest.xml:41:13-43:29
153                <action android:name="com.google.android.c2dm.intent.RECEIVE" />
153-->[com.google.firebase:firebase-iid:20.2.3] AndroidManifest.xml:42:17-81
153-->[com.google.firebase:firebase-iid:20.2.3] AndroidManifest.xml:42:25-78
154            </intent-filter>
155        </receiver>
156
157        <service
157-->[com.google.android.datatransport:transport-backend-cct:2.2.0] AndroidManifest.xml:29:9-35:19
158            android:name="com.google.android.datatransport.runtime.backends.TransportBackendDiscovery"
158-->[com.google.android.datatransport:transport-backend-cct:2.2.0] AndroidManifest.xml:30:13-103
159            android:exported="false" >
159-->[com.google.android.datatransport:transport-backend-cct:2.2.0] AndroidManifest.xml:31:13-37
160            <meta-data
160-->[com.google.android.datatransport:transport-backend-cct:2.2.0] AndroidManifest.xml:32:13-34:39
161                android:name="backend:com.google.android.datatransport.cct.CctBackendFactory"
161-->[com.google.android.datatransport:transport-backend-cct:2.2.0] AndroidManifest.xml:33:17-94
162                android:value="cct" />
162-->[com.google.android.datatransport:transport-backend-cct:2.2.0] AndroidManifest.xml:34:17-36
163        </service>
164        <service
164-->[com.google.android.datatransport:transport-runtime:2.2.0] AndroidManifest.xml:26:9-30:19
165            android:name="com.google.android.datatransport.runtime.scheduling.jobscheduling.JobInfoSchedulerService"
165-->[com.google.android.datatransport:transport-runtime:2.2.0] AndroidManifest.xml:27:13-117
166            android:exported="false"
166-->[com.google.android.datatransport:transport-runtime:2.2.0] AndroidManifest.xml:28:13-37
167            android:permission="android.permission.BIND_JOB_SERVICE" >
167-->[com.google.android.datatransport:transport-runtime:2.2.0] AndroidManifest.xml:29:13-69
168        </service>
169
170        <receiver
170-->[com.google.android.datatransport:transport-runtime:2.2.0] AndroidManifest.xml:32:9-34:40
171            android:name="com.google.android.datatransport.runtime.scheduling.jobscheduling.AlarmManagerSchedulerBroadcastReceiver"
171-->[com.google.android.datatransport:transport-runtime:2.2.0] AndroidManifest.xml:33:13-132
172            android:exported="false" />
172-->[com.google.android.datatransport:transport-runtime:2.2.0] AndroidManifest.xml:34:13-37
173        <receiver
173-->[com.google.android.gms:play-services-measurement:17.2.2] AndroidManifest.xml:29:9-33:20
174            android:name="com.google.android.gms.measurement.AppMeasurementReceiver"
174-->[com.google.android.gms:play-services-measurement:17.2.2] AndroidManifest.xml:30:13-85
175            android:enabled="true"
175-->[com.google.android.gms:play-services-measurement:17.2.2] AndroidManifest.xml:31:13-35
176            android:exported="false" >
176-->[com.google.android.gms:play-services-measurement:17.2.2] AndroidManifest.xml:32:13-37
177        </receiver>
178        <receiver
178-->[com.google.android.gms:play-services-measurement:17.2.2] AndroidManifest.xml:34:9-42:20
179            android:name="com.google.android.gms.measurement.AppMeasurementInstallReferrerReceiver"
179-->[com.google.android.gms:play-services-measurement:17.2.2] AndroidManifest.xml:35:13-100
180            android:enabled="true"
180-->[com.google.android.gms:play-services-measurement:17.2.2] AndroidManifest.xml:36:13-35
181            android:exported="true"
181-->[com.google.android.gms:play-services-measurement:17.2.2] AndroidManifest.xml:37:13-36
182            android:permission="android.permission.INSTALL_PACKAGES" >
182-->[com.google.android.gms:play-services-measurement:17.2.2] AndroidManifest.xml:38:13-69
183            <intent-filter>
183-->[com.google.android.gms:play-services-measurement:17.2.2] AndroidManifest.xml:39:13-41:29
184                <action android:name="com.android.vending.INSTALL_REFERRER" />
184-->[com.google.android.gms:play-services-measurement:17.2.2] AndroidManifest.xml:40:17-79
184-->[com.google.android.gms:play-services-measurement:17.2.2] AndroidManifest.xml:40:25-76
185            </intent-filter>
186        </receiver>
187
188        <service
188-->[com.google.android.gms:play-services-measurement:17.2.2] AndroidManifest.xml:44:9-47:40
189            android:name="com.google.android.gms.measurement.AppMeasurementService"
189-->[com.google.android.gms:play-services-measurement:17.2.2] AndroidManifest.xml:45:13-84
190            android:enabled="true"
190-->[com.google.android.gms:play-services-measurement:17.2.2] AndroidManifest.xml:46:13-35
191            android:exported="false" />
191-->[com.google.android.gms:play-services-measurement:17.2.2] AndroidManifest.xml:47:13-37
192        <service
192-->[com.google.android.gms:play-services-measurement:17.2.2] AndroidManifest.xml:48:9-52:72
193            android:name="com.google.android.gms.measurement.AppMeasurementJobService"
193-->[com.google.android.gms:play-services-measurement:17.2.2] AndroidManifest.xml:49:13-87
194            android:enabled="true"
194-->[com.google.android.gms:play-services-measurement:17.2.2] AndroidManifest.xml:50:13-35
195            android:exported="false"
195-->[com.google.android.gms:play-services-measurement:17.2.2] AndroidManifest.xml:51:13-37
196            android:permission="android.permission.BIND_JOB_SERVICE" />
196-->[com.google.android.gms:play-services-measurement:17.2.2] AndroidManifest.xml:52:13-69
197
198        <provider
198-->[com.google.firebase:firebase-common:19.3.0] AndroidManifest.xml:26:9-30:39
199            android:name="com.google.firebase.provider.FirebaseInitProvider"
199-->[com.google.firebase:firebase-common:19.3.0] AndroidManifest.xml:27:13-77
200            android:authorities="com.menezes.firebaseinitprovider"
200-->[com.google.firebase:firebase-common:19.3.0] AndroidManifest.xml:28:13-72
201            android:exported="false"
201-->[com.google.firebase:firebase-common:19.3.0] AndroidManifest.xml:29:13-37
202            android:initOrder="100" />
202-->[com.google.firebase:firebase-common:19.3.0] AndroidManifest.xml:30:13-36
203
204        <activity
204-->[com.google.android.gms:play-services-base:17.0.0] AndroidManifest.xml:23:9-26:75
205            android:name="com.google.android.gms.common.api.GoogleApiActivity"
205-->[com.google.android.gms:play-services-base:17.0.0] AndroidManifest.xml:24:13-79
206            android:exported="false"
206-->[com.google.android.gms:play-services-base:17.0.0] AndroidManifest.xml:25:13-37
207            android:theme="@android:style/Theme.Translucent.NoTitleBar" />
207-->[com.google.android.gms:play-services-base:17.0.0] AndroidManifest.xml:26:13-72
208
209        <meta-data
209-->[com.google.android.gms:play-services-basement:17.0.0] AndroidManifest.xml:23:9-25:69
210            android:name="com.google.android.gms.version"
210-->[com.google.android.gms:play-services-basement:17.0.0] AndroidManifest.xml:24:13-58
211            android:value="@integer/google_play_services_version" />
211-->[com.google.android.gms:play-services-basement:17.0.0] AndroidManifest.xml:25:13-66
212    </application>
213
214</manifest>